<?xml version="1.0" encoding="UTF-8"?>
<testsuite xmlns:xsi="http://www.w3.org/2001/XMLSchema-instance" xsi:noNamespaceSchemaLocation="https://maven.apache.org/surefire/maven-surefire-plugin/xsd/surefire-test-report.xsd" version="3.0.1" name="com.mycompany.app.dao.BookDAOImplTest" time="0.054" tests="5" errors="5" skipped="0" failures="0">
  <properties>
[...]
</properties>
  <testcase name="testGetAllBooksNoBookFound" classname="com.mycompany.app.dao.BookDAOImplTest" time="0.018">
    <error message="Cannot invoke &quot;java.sql.Connection.prepareStatement(String)&quot; because &quot;this.conn&quot; is null" type="java.lang.NullPointerException"><![CDATA[java.lang.NullPointerException: Cannot invoke "java.sql.Connection.prepareStatement(String)" because "this.conn" is null
	at com.mycompany.app.dao.BookDAOImpl.getAllBooks(BookDAOImpl.java:65)
	at com.mycompany.app.dao.BookDAOImplTest.testGetAllBooksNoBookFound(BookDAOImplTest.java:49)
	at java.base/java.lang.reflect.Method.invoke(Method.java:568)
	at java.base/java.util.ArrayList.forEach(ArrayList.java:1511)
	at java.base/java.util.ArrayList.forEach(ArrayList.java:1511)
]]></error>
  </testcase>
  <testcase name="testAddBookSuccessful" classname="com.mycompany.app.dao.BookDAOImplTest" time="0.008">
    <error message="Cannot invoke &quot;java.sql.Connection.prepareStatement(String)&quot; because &quot;this.conn&quot; is null" type="java.lang.NullPointerException"><![CDATA[java.lang.NullPointerException: Cannot invoke "java.sql.Connection.prepareStatement(String)" because "this.conn" is null
	at com.mycompany.app.dao.BookDAOImpl.addBook(BookDAOImpl.java:24)
	at com.mycompany.app.dao.BookDAOImplTest.testAddBookSuccessful(BookDAOImplTest.java:17)
	at java.base/java.lang.reflect.Method.invoke(Method.java:568)
	at java.base/java.util.ArrayList.forEach(ArrayList.java:1511)
	at java.base/java.util.ArrayList.forEach(ArrayList.java:1511)
]]></error>
  </testcase>
  <testcase name="testGetBookById" classname="com.mycompany.app.dao.BookDAOImplTest" time="0.004">
    <error message="Cannot invoke &quot;java.sql.Connection.prepareStatement(String)&quot; because &quot;this.conn&quot; is null" type="java.lang.NullPointerException"><![CDATA[java.lang.NullPointerException: Cannot invoke "java.sql.Connection.prepareStatement(String)" because "this.conn" is null
	at com.mycompany.app.dao.BookDAOImpl.addBook(BookDAOImpl.java:24)
	at com.mycompany.app.dao.BookDAOImplTest.testGetBookById(BookDAOImplTest.java:58)
	at java.base/java.lang.reflect.Method.invoke(Method.java:568)
	at java.base/java.util.ArrayList.forEach(ArrayList.java:1511)
	at java.base/java.util.ArrayList.forEach(ArrayList.java:1511)
]]></error>
  </testcase>
  <testcase name="testUpdateBookSuccessful" classname="com.mycompany.app.dao.BookDAOImplTest" time="0.004">
    <error message="Cannot invoke &quot;java.sql.Connection.prepareStatement(String)&quot; because &quot;this.conn&quot; is null" type="java.lang.NullPointerException"><![CDATA[java.lang.NullPointerException: Cannot invoke "java.sql.Connection.prepareStatement(String)" because "this.conn" is null
	at com.mycompany.app.dao.BookDAOImpl.updateBook(BookDAOImpl.java:38)
	at com.mycompany.app.dao.BookDAOImplTest.testUpdateBookSuccessful(BookDAOImplTest.java:29)
	at java.base/java.lang.reflect.Method.invoke(Method.java:568)
	at java.base/java.util.ArrayList.forEach(ArrayList.java:1511)
	at java.base/java.util.ArrayList.forEach(ArrayList.java:1511)
]]></error>
  </testcase>
  <testcase name="testDeleteBookSuccessful" classname="com.mycompany.app.dao.BookDAOImplTest" time="0.003">
    <error message="Cannot invoke &quot;java.sql.Connection.prepareStatement(String)&quot; because &quot;this.conn&quot; is null" type="java.lang.NullPointerException"><![CDATA[java.lang.NullPointerException: Cannot invoke "java.sql.Connection.prepareStatement(String)" because "this.conn" is null
	at com.mycompany.app.dao.BookDAOImpl.deleteBook(BookDAOImpl.java:53)
	at com.mycompany.app.dao.BookDAOImplTest.testDeleteBookSuccessful(BookDAOImplTest.java:40)
	at java.base/java.lang.reflect.Method.invoke(Method.java:568)
	at java.base/java.util.ArrayList.forEach(ArrayList.java:1511)
	at java.base/java.util.ArrayList.forEach(ArrayList.java:1511)
]]></error>
  </testcase>
</testsuite>